<testsuite failures="3" name="src/test/java/features/headers.feature" skipped="0" tests="3" time="2.854785">
  <testcase classname="src.test.java.features.headers" name="pass the user request with headers_Part1" time="0.939081">
    <failure message="headers.feature:14 - status code was: 404, expected: 200, response time: 925, url: https://gorest.co.in/public/v1/users/30, response: {&quot;data&quot;:{&quot;message&quot;:&quot;Resource not found&quot;},&quot;meta&quot;:null}">Given header Content-Type = 'text/xml;charset=ISO-8859-1' ................. passed
And header Accept-Encoding = 'gzip,deflate' ............................... passed
And header Connection = 'Keep-Alive' ...................................... passed
And header Expect = '100-continue' ........................................ passed
And header User-Agent = 'Mozilla/4.0(compatible;IE;GACv7\. 1\. 5192\. 22378)' . passed
And header Authorization = 'Bearer 007526d9efdbc07e084ff7a6d4cfcc90588fbe20641c00faebf45a7f3b2eaf33' . passed
When url baseUrl+'/public/v1/users' ....................................... passed
And path '30' ............................................................. passed
When method GET ........................................................... passed
Then status 200 ........................................................... failed

Stack Trace:
com.intuit.karate.exception.KarateException: headers.feature:14 - status code was: 404, expected: 200, response time: 925, url: https://gorest.co.in/public/v1/users/30, response: {"data":{"message":"Resource not found"},"meta":null}&#13;
	at ✽.Then status 200 (headers.feature:14)&#13;

* print response .......................................................... skipped</failure>
  </testcase>
  <testcase classname="src.test.java.features.headers" name="pass the user request with headers_Part2" time="0.99989">
    <failure message="headers.feature:23 - status code was: 404, expected: 200, response time: 996, url: https://gorest.co.in/public/v1/users/30, response: {&quot;data&quot;:{&quot;message&quot;:&quot;Resource not found&quot;},&quot;meta&quot;:null}">Given header Content-Type = 'text/xml;charset=ISO-8859-1' ................. passed
And header Accept-Encoding = 'gzip,deflate' ............................... passed
And header Connection = 'Keep-Alive' ...................................... passed
And header Expect = '100-continue' ........................................ passed
And header User-Agent = 'Mozilla/4.0(compatible;IE;GACv7\. 1\. 5192\. 22378)' . passed
And header Authorization = 'Bearer 007526d9efdbc07e084ff7a6d4cfcc90588fbe20641c00faebf45a7f3b2eaf33' . passed
When url baseUrl+'/public/v1/users' ....................................... passed
And path '30' ............................................................. passed
When method GET ........................................................... passed
Then status 200 ........................................................... failed

Stack Trace:
com.intuit.karate.exception.KarateException: headers.feature:14 - status code was: 404, expected: 200, response time: 925, url: https://gorest.co.in/public/v1/users/30, response: {"data":{"message":"Resource not found"},"meta":null}&#13;
	at ✽.Then status 200 (headers.feature:14)&#13;

* print response .......................................................... skipped
* def request_headers = {Content-Type: 'text/xml;charset=ISO-8859-1', Connection: 'Keep-Alive', User-Agent: 'Mozilla/4.0(compatible;IE;GACv7\. 1\. 5192\. 22378)'} . passed
Given headers request_headers ............................................. passed
When url baseUrl+'/public/v1/users' ....................................... passed
And path '30' ............................................................. passed
When method GET ........................................................... passed
Then status 200 ........................................................... failed

Stack Trace:
com.intuit.karate.exception.KarateException: headers.feature:23 - status code was: 404, expected: 200, response time: 996, url: https://gorest.co.in/public/v1/users/30, response: {"data":{"message":"Resource not found"},"meta":null}&#13;
	at ✽.Then status 200 (headers.feature:23)&#13;

* print response .......................................................... skipped</failure>
  </testcase>
  <testcase classname="src.test.java.features.headers" name="pass the user request with headers_Part3" time="0.915815">
    <failure message="headers.feature:32 - status code was: 404, expected: 200, response time: 909, url: https://gorest.co.in/public/v1/users/30, response: {&quot;data&quot;:{&quot;message&quot;:&quot;Resource not found&quot;},&quot;meta&quot;:null}">Given header Content-Type = 'text/xml;charset=ISO-8859-1' ................. passed
And header Accept-Encoding = 'gzip,deflate' ............................... passed
And header Connection = 'Keep-Alive' ...................................... passed
And header Expect = '100-continue' ........................................ passed
And header User-Agent = 'Mozilla/4.0(compatible;IE;GACv7\. 1\. 5192\. 22378)' . passed
And header Authorization = 'Bearer 007526d9efdbc07e084ff7a6d4cfcc90588fbe20641c00faebf45a7f3b2eaf33' . passed
When url baseUrl+'/public/v1/users' ....................................... passed
And path '30' ............................................................. passed
When method GET ........................................................... passed
Then status 200 ........................................................... failed

Stack Trace:
com.intuit.karate.exception.KarateException: headers.feature:14 - status code was: 404, expected: 200, response time: 925, url: https://gorest.co.in/public/v1/users/30, response: {"data":{"message":"Resource not found"},"meta":null}&#13;
	at ✽.Then status 200 (headers.feature:14)&#13;

* print response .......................................................... skipped
* def request_headers = {Content-Type: 'text/xml;charset=ISO-8859-1', Connection: 'Keep-Alive', User-Agent: 'Mozilla/4.0(compatible;IE;GACv7\. 1\. 5192\. 22378)'} . passed
Given headers request_headers ............................................. passed
When url baseUrl+'/public/v1/users' ....................................... passed
And path '30' ............................................................. passed
When method GET ........................................................... passed
Then status 200 ........................................................... failed

Stack Trace:
com.intuit.karate.exception.KarateException: headers.feature:23 - status code was: 404, expected: 200, response time: 996, url: https://gorest.co.in/public/v1/users/30, response: {"data":{"message":"Resource not found"},"meta":null}&#13;
	at ✽.Then status 200 (headers.feature:23)&#13;

* print response .......................................................... skipped
* configure headers = {Content-Type: 'text/xml;charset=ISO-8859-1', Connection: 'Keep-Alive', User-Agent: 'Mozilla/4.0(compatible;IE;GACv7\. 1\. 5192\. 22378)'} . passed
When url baseUrl+'/public/v1/users' ....................................... passed
And path '30' ............................................................. passed
When method GET ........................................................... passed
Then status 200 ........................................................... failed

Stack Trace:
com.intuit.karate.exception.KarateException: headers.feature:32 - status code was: 404, expected: 200, response time: 909, url: https://gorest.co.in/public/v1/users/30, response: {"data":{"message":"Resource not found"},"meta":null}&#13;
	at ✽.Then status 200 (headers.feature:32)&#13;

* print response .......................................................... skipped</failure>
  </testcase>
</testsuite>
